[ Atomic ] Input file: input/atoms/C_fast.inp
====================================================================
Too many iterations in Hartree-Fock
1) n = 1 l = 0 Energy = -15.3624 Occup = 0
2) n = 2 l = 1 Energy = -3.39931 Occup = 2
====================================================================
Too many iterations in Hartree-Fock
1) n = 1 l = 0 Energy = -14.2095 Occup = 0
2) n = 2 l = 1 Energy = -2.54691 Occup = 3
====================================================================
Too many iterations in Hartree-Fock
1) n = 1 l = 0 Energy = -13.1953 Occup = 0
2) n = 2 l = 1 Energy = -1.7809 Occup = 4
====================================================================
Too many iterations in Hartree-Fock
1) n = 1 l = 0 Energy = -14.1966 Occup = 2
2) n = 2 l = 1 Energy = -2.06889 Occup = 0
------------------- [ New Knots ] -------------------
Time: 0 fs
Therm [peak; range]: 0; 4 - 10
Photo [peak; range]: 5989.69; 4492.26 - 6828.24
Transition energy: 250
------------------- [ New Knots ] -------------------
Time: -9.98995 fs
Therm [peak; range]: 0.88; 4 - 13.9911
Photo [peak; range]: 5689.39; 4299.96 - 7216.45
Transition energy: 250
------------------- [ New Knots ] -------------------
Time: -9.97995 fs
Therm [peak; range]: 1.71; 4 - 13.9911
Photo [peak; range]: 5689.39; 4182.78 - 6764.28
Transition energy: 250
------------------- [ New Knots ] -------------------
Time: -9.96995 fs
Therm [peak; range]: 3.24; 4 - 13.9911
Photo [peak; range]: 5689.39; 4184.42 - 6764.28
Transition energy: 250
------------------- [ New Knots ] -------------------
Time: -9.95995 fs
Therm [peak; range]: 4.01; 4 - 13.9911
Photo [peak; range]: 5689.39; 4257.64 - 6669.2
Transition energy: 250
------------------- [ New Knots ] -------------------
Time: -9.94995 fs
Therm [peak; range]: 4.01; 4 - 13.9911
Photo [peak; range]: 5689.39; 4307.63 - 6726.14
Transition energy: 250
------------------- [ New Knots ] -------------------
Time: -9.93995 fs
Therm [peak; range]: 4.02; 4 - 13.9911
Photo [peak; range]: 5676.24; 4347.75 - 6669.2
Transition energy: 250
------------------- [ New Knots ] -------------------
Time: -9.92995 fs
Therm [peak; range]: 4.02; 4 - 13.9911
Photo [peak; range]: 5689.39; 4257.37 - 6877.55
Transition energy: 250
------------------- [ New Knots ] -------------------
Time: -9.91995 fs
Therm [peak; range]: 4.03; 4 - 16.8723
Photo [peak; range]: 5689.39; 4278.22 - 6884.97
Transition energy: 250
------------------- [ New Knots ] -------------------
Time: -9.90995 fs
Therm [peak; range]: 4.04; 4 - 18.2992
Photo [peak; range]: 5689.39; 4282.95 - 6650.8
Transition energy: 250
------------------- [ New Knots ] -------------------
Time: -9.89995 fs
Therm [peak; range]: 4.05; 4 - 18.2992
Photo [peak; range]: 5689.39; 4288.77 - 6683.75
Transition energy: 250
------------------- [ New Knots ] -------------------
Time: -9.88995 fs
Therm [peak; range]: 4.06; 4 - 18.2992
Photo [peak; range]: 5689.39; 4282.95 - 6622.14
Transition energy: 250
------------------- [ New Knots ] -------------------
Time: -9.87995 fs
Therm [peak; range]: 4.06; 4 - 18.2992
Photo [peak; range]: 5689.39; 4448.12 - 7090.72
Transition energy: 250
------------------- [ New Knots ] -------------------
Time: -9.86995 fs
Therm [peak; range]: 4.07; 4 - 18.2992
Photo [peak; range]: 5689.39; 4448.12 - 6900.83
Transition energy: 250
------------------- [ New Knots ] -------------------
Time: -9.85995 fs
Therm [peak; range]: 4.07; 4 - 18.2992
Photo [peak; range]: 5689.39; 4448.12 - 7198.02
Transition energy: 250
------------------- [ New Knots ] -------------------
Time: -9.84995 fs
Therm [peak; range]: 4.08; 4 - 18.2992
Photo [peak; range]: 5689.39; 4299.96 - 7570.83
Transition energy: 250
------------------- [ New Knots ] -------------------
Time: -9.83995 fs
Therm [peak; range]: 4.08; 4 - 18.2992
Photo [peak; range]: 5689.39; 4219.49 - 6780.35
Transition energy: 250
------------------- [ New Knots ] -------------------
Time: -9.82995 fs
Therm [peak; range]: 4.09; 4 - 18.2992
Photo [peak; range]: 5689.39; 4219.49 - 6780.2
Transition energy: 250
------------------- [ New Knots ] -------------------
Time: -9.81995 fs
Therm [peak; range]: 4.09; 4 - 18.2992
Photo [peak; range]: 5689.39; 4219.49 - 6788.2
Transition energy: 250
------------------- [ New Knots ] -------------------
Time: -9.80995 fs
Therm [peak; range]: 4.1; 4 - 18.2992
Photo [peak; range]: 5689.39; 4331.24 - 6788.2
Transition energy: 250
------------------- [ New Knots ] -------------------
Time: -9.79995 fs
Therm [peak; range]: 4.1; 4 - 18.2992
Photo [peak; range]: 5689.39; 4448.12 - 6669.2
Transition energy: 250
------------------- [ New Knots ] -------------------
Time: -9.78995 fs
Therm [peak; range]: 4.1; 4 - 18.2992
Photo [peak; range]: 5689.39; 4448.12 - 6736.69
Transition energy: 250
------------------- [ New Knots ] -------------------
Time: -9.77995 fs
Therm [peak; range]: 4.11; 4 - 18.2992
Photo [peak; range]: 5689.39; 4448.12 - 6688
Transition energy: 250
------------------- [ New Knots ] -------------------
Time: -9.76995 fs
Therm [peak; range]: 4.11; 4 - 18.2992
Photo [peak; range]: 5689.39; 4448.12 - 6798.75
Transition energy: 250
