[MINIMUM WATER SHELL THICKNESS]
        1.000000e+00
[ENCLOSING SPHERE (X,Y,Z,R)]
        2.136550e+01
        2.136550e+01
        1.900000e+01
        6.386431e+01
[NR OF GAUSSIANS]
2
[SURFACE LEVEL]
        2.500000e-01
[GAUSSIAN HEIGHTS]
        9.996427e-01
        1.000358e+00
[GAUSSIAN CENTERS]
        2.825910e+01         1.211400e+01         1.350924e+01
        1.064812e+01         3.100500e+01         1.588053e+01
[GAUSSIAN VARIANCES]
        1.969136e+03         5.200434e+02         3.081110e+02
        1.846134e+03         6.214934e+02         2.738166e+02
[GAUSSIAN ORIENTATIONS]
       -6.968485e-01        -9.461730e-02         7.109499e-01
       -7.149166e-01         1.709859e-01        -6.779808e-01
        5.741365e-02         9.807198e-01         1.867947e-01
       -7.399393e-01        -1.643280e-01         6.522930e-01
       -6.491460e-01        -7.978205e-02        -7.564683e-01
       -1.763502e-01         9.831740e-01         4.763901e-02
